1770423821.490551 client started (82987): version 3.6a, socket /private/tmp/tmux-501/default, protocol 8
1770423821.490574 on Darwin 24.6.0 Darwin Kernel Version 24.6.0: Wed Oct 15 21:08:19 PDT 2025; root:xnu-11417.140.69.703.14~1/RELEASE_ARM64_T8103
1770423821.490583 using libevent 2.1.12-stable select
1770423821.490720 using utf8proc 2.11.2
1770423821.490730 using ncurses 6.5 20240427
1770423821.490749 flags are 0x10010000
1770423821.490757 socket is /private/tmp/tmux-501/default
1770423821.490764 trying connect
1770423821.490787 add peer 0x6000036240d0: 6 (0x0)
1770423821.492254 sending message 111 to peer 0x6000036240d0 (8 bytes)
1770423821.492262 sending message 111 to peer 0x6000036240d0 (8 bytes)
1770423821.492266 sending message 101 to peer 0x6000036240d0 (16 bytes)
1770423821.492269 sending message 109 to peer 0x6000036240d0 (4 bytes)
1770423821.492272 sending message 102 to peer 0x6000036240d0 (13 bytes)
1770423821.492276 sending message 108 to peer 0x6000036240d0 (57 bytes)
1770423821.492279 sending message 112 to peer 0x6000036240d0 (70 bytes)
1770423821.492282 sending message 112 to peer 0x6000036240d0 (5 bytes)
1770423821.492285 sending message 112 to peer 0x6000036240d0 (5 bytes)
1770423821.492288 sending message 112 to peer 0x6000036240d0 (6 bytes)
1770423821.492291 sending message 112 to peer 0x6000036240d0 (6 bytes)
1770423821.492294 sending message 112 to peer 0x6000036240d0 (11 bytes)
1770423821.492297 sending message 112 to peer 0x6000036240d0 (10 bytes)
1770423821.492300 sending message 112 to peer 0x6000036240d0 (13 bytes)
1770423821.492303 sending message 112 to peer 0x6000036240d0 (13 bytes)
1770423821.492307 sending message 112 to peer 0x6000036240d0 (18 bytes)
1770423821.492310 sending message 112 to peer 0x6000036240d0 (11 bytes)
1770423821.492313 sending message 112 to peer 0x6000036240d0 (21 bytes)
1770423821.492316 sending message 112 to peer 0x6000036240d0 (13 bytes)
1770423821.492319 sending message 112 to peer 0x6000036240d0 (7 bytes)
1770423821.492324 sending message 112 to peer 0x6000036240d0 (13 bytes)
1770423821.492327 sending message 112 to peer 0x6000036240d0 (7 bytes)
1770423821.492332 sending message 112 to peer 0x6000036240d0 (13 bytes)
1770423821.492335 sending message 112 to peer 0x6000036240d0 (9 bytes)
1770423821.492338 sending message 112 to peer 0x6000036240d0 (21 bytes)
1770423821.492341 sending message 112 to peer 0x6000036240d0 (13 bytes)
1770423821.492344 sending message 112 to peer 0x6000036240d0 (8 bytes)
1770423821.492347 sending message 112 to peer 0x6000036240d0 (12 bytes)
1770423821.492350 sending message 112 to peer 0x6000036240d0 (13 bytes)
1770423821.492353 sending message 112 to peer 0x6000036240d0 (9 bytes)
1770423821.492356 sending message 112 to peer 0x6000036240d0 (9 bytes)
1770423821.492359 sending message 112 to peer 0x6000036240d0 (12 bytes)
1770423821.492362 sending message 112 to peer 0x6000036240d0 (8 bytes)
1770423821.492365 sending message 112 to peer 0x6000036240d0 (7 bytes)
1770423821.492368 sending message 112 to peer 0x6000036240d0 (7 bytes)
1770423821.492371 sending message 112 to peer 0x6000036240d0 (9 bytes)
1770423821.492374 sending message 112 to peer 0x6000036240d0 (13 bytes)
1770423821.492377 sending message 112 to peer 0x6000036240d0 (9 bytes)
1770423821.492380 sending message 112 to peer 0x6000036240d0 (15 bytes)
1770423821.492384 sending message 112 to peer 0x6000036240d0 (13 bytes)
1770423821.492387 sending message 112 to peer 0x6000036240d0 (12 bytes)
1770423821.492390 sending message 112 to peer 0x6000036240d0 (8 bytes)
1770423821.492393 sending message 112 to peer 0x6000036240d0 (14 bytes)
1770423821.492396 sending message 112 to peer 0x6000036240d0 (9 bytes)
1770423821.492400 sending message 112 to peer 0x6000036240d0 (10 bytes)
1770423821.492405 sending message 112 to peer 0x6000036240d0 (10 bytes)
1770423821.492409 sending message 112 to peer 0x6000036240d0 (10 bytes)
1770423821.492412 sending message 112 to peer 0x6000036240d0 (10 bytes)
1770423821.492416 sending message 112 to peer 0x6000036240d0 (11 bytes)
1770423821.492419 sending message 112 to peer 0x6000036240d0 (10 bytes)
1770423821.492426 sending message 112 to peer 0x6000036240d0 (8 bytes)
1770423821.492429 sending message 112 to peer 0x6000036240d0 (11 bytes)
1770423821.492431 sending message 112 to peer 0x6000036240d0 (11 bytes)
1770423821.492434 sending message 112 to peer 0x6000036240d0 (11 bytes)
1770423821.492436 sending message 112 to peer 0x6000036240d0 (8 bytes)
1770423821.492438 sending message 112 to peer 0x6000036240d0 (8 bytes)
1770423821.492440 sending message 112 to peer 0x6000036240d0 (8 bytes)
1770423821.492442 sending message 112 to peer 0x6000036240d0 (10 bytes)
1770423821.492445 sending message 112 to peer 0x6000036240d0 (10 bytes)
1770423821.492447 sending message 112 to peer 0x6000036240d0 (10 bytes)
1770423821.492449 sending message 112 to peer 0x6000036240d0 (10 bytes)
1770423821.492451 sending message 112 to peer 0x6000036240d0 (10 bytes)
1770423821.492453 sending message 112 to peer 0x6000036240d0 (11 bytes)
1770423821.492455 sending message 112 to peer 0x6000036240d0 (11 bytes)
1770423821.492458 sending message 112 to peer 0x6000036240d0 (10 bytes)
1770423821.492460 sending message 112 to peer 0x6000036240d0 (9 bytes)
1770423821.492462 sending message 112 to peer 0x6000036240d0 (9 bytes)
1770423821.492464 sending message 112 to peer 0x6000036240d0 (12 bytes)
1770423821.492466 sending message 112 to peer 0x6000036240d0 (9 bytes)
1770423821.492468 sending message 112 to peer 0x6000036240d0 (6 bytes)
1770423821.492471 sending message 112 to peer 0x6000036240d0 (13 bytes)
1770423821.492473 sending message 112 to peer 0x6000036240d0 (8 bytes)
1770423821.492475 sending message 112 to peer 0x6000036240d0 (15 bytes)
1770423821.492477 sending message 112 to peer 0x6000036240d0 (13 bytes)
1770423821.492479 sending message 112 to peer 0x6000036240d0 (70 bytes)
1770423821.492481 sending message 112 to peer 0x6000036240d0 (69 bytes)
1770423821.492484 sending message 112 to peer 0x6000036240d0 (10 bytes)
1770423821.492486 sending message 112 to peer 0x6000036240d0 (8 bytes)
1770423821.492488 sending message 112 to peer 0x6000036240d0 (15 bytes)
1770423821.492490 sending message 112 to peer 0x6000036240d0 (13 bytes)
1770423821.492492 sending message 112 to peer 0x6000036240d0 (10 bytes)
1770423821.492494 sending message 112 to peer 0x6000036240d0 (10 bytes)
1770423821.492497 sending message 112 to peer 0x6000036240d0 (5 bytes)
1770423821.492499 sending message 112 to peer 0x6000036240d0 (15 bytes)
1770423821.492502 sending message 104 to peer 0x6000036240d0 (0 bytes)
1770423821.492504 sending message 110 to peer 0x6000036240d0 (0 bytes)
1770423821.492507 sending message 107 to peer 0x6000036240d0 (4 bytes)
1770423821.492509 sending message 105 to peer 0x6000036240d0 (19 bytes)
1770423821.492511 sending message 105 to peer 0x6000036240d0 (95 bytes)
1770423821.492514 sending message 105 to peer 0x6000036240d0 (45 bytes)
1770423821.492516 sending message 105 to peer 0x6000036240d0 (59 bytes)
1770423821.492518 sending message 105 to peer 0x6000036240d0 (42 bytes)
1770423821.492520 sending message 105 to peer 0x6000036240d0 (54 bytes)
1770423821.492522 sending message 105 to peer 0x6000036240d0 (50 bytes)
1770423821.492524 sending message 105 to peer 0x6000036240d0 (47 bytes)
1770423821.492527 sending message 105 to peer 0x6000036240d0 (22 bytes)
1770423821.492529 sending message 105 to peer 0x6000036240d0 (19 bytes)
1770423821.492531 sending message 105 to peer 0x6000036240d0 (44 bytes)
1770423821.492533 sending message 105 to peer 0x6000036240d0 (20 bytes)
1770423821.492535 sending message 105 to peer 0x6000036240d0 (21 bytes)
1770423821.492537 sending message 105 to peer 0x6000036240d0 (19 bytes)
1770423821.492540 sending message 105 to peer 0x6000036240d0 (18 bytes)
1770423821.492542 sending message 105 to peer 0x6000036240d0 (25 bytes)
1770423821.492544 sending message 105 to peer 0x6000036240d0 (21 bytes)
1770423821.492546 sending message 105 to peer 0x6000036240d0 (17 bytes)
1770423821.492548 sending message 105 to peer 0x6000036240d0 (47 bytes)
1770423821.492550 sending message 105 to peer 0x6000036240d0 (25 bytes)
1770423821.492556 sending message 105 to peer 0x6000036240d0 (47 bytes)
1770423821.492559 sending message 105 to peer 0x6000036240d0 (15 bytes)
1770423821.492561 sending message 105 to peer 0x6000036240d0 (20 bytes)
1770423821.492563 sending message 105 to peer 0x6000036240d0 (20 bytes)
1770423821.492565 sending message 105 to peer 0x6000036240d0 (20 bytes)
1770423821.492567 sending message 105 to peer 0x6000036240d0 (10 bytes)
1770423821.492570 sending message 105 to peer 0x6000036240d0 (19 bytes)
1770423821.492572 sending message 105 to peer 0x6000036240d0 (24 bytes)
1770423821.492574 sending message 105 to peer 0x6000036240d0 (53 bytes)
1770423821.492576 sending message 105 to peer 0x6000036240d0 (19 bytes)
1770423821.492578 sending message 105 to peer 0x6000036240d0 (40 bytes)
1770423821.492580 sending message 105 to peer 0x6000036240d0 (69 bytes)
1770423821.492583 sending message 105 to peer 0x6000036240d0 (37 bytes)
1770423821.492585 sending message 105 to peer 0x6000036240d0 (45 bytes)
1770423821.492587 sending message 105 to peer 0x6000036240d0 (32 bytes)
1770423821.492589 sending message 105 to peer 0x6000036240d0 (15 bytes)
1770423821.492591 sending message 105 to peer 0x6000036240d0 (20 bytes)
1770423821.492593 sending message 105 to peer 0x6000036240d0 (37 bytes)
1770423821.492595 sending message 105 to peer 0x6000036240d0 (21 bytes)
1770423821.492598 sending message 105 to peer 0x6000036240d0 (18 bytes)
1770423821.492600 sending message 105 to peer 0x6000036240d0 (60 bytes)
1770423821.492602 sending message 105 to peer 0x6000036240d0 (19 bytes)
1770423821.492604 sending message 105 to peer 0x6000036240d0 (16 bytes)
1770423821.492606 sending message 105 to peer 0x6000036240d0 (30 bytes)
1770423821.492608 sending message 105 to peer 0x6000036240d0 (34 bytes)
1770423821.492611 sending message 105 to peer 0x6000036240d0 (64 bytes)
1770423821.492613 sending message 105 to peer 0x6000036240d0 (42 bytes)
1770423821.492615 sending message 105 to peer 0x6000036240d0 (31 bytes)
1770423821.492617 sending message 105 to peer 0x6000036240d0 (62 bytes)
1770423821.492619 sending message 105 to peer 0x6000036240d0 (20 bytes)
1770423821.492621 sending message 105 to peer 0x6000036240d0 (42 bytes)
1770423821.492623 sending message 105 to peer 0x6000036240d0 (12 bytes)
1770423821.492626 sending message 105 to peer 0x6000036240d0 (25 bytes)
1770423821.492628 sending message 105 to peer 0x6000036240d0 (37 bytes)
1770423821.492630 sending message 105 to peer 0x6000036240d0 (21 bytes)
1770423821.492632 sending message 105 to peer 0x6000036240d0 (30 bytes)
1770423821.492634 sending message 105 to peer 0x6000036240d0 (34 bytes)
1770423821.492637 sending message 105 to peer 0x6000036240d0 (435 bytes)
1770423821.492639 sending message 105 to peer 0x6000036240d0 (72 bytes)
1770423821.492641 sending message 105 to peer 0x6000036240d0 (16 bytes)
1770423821.492643 sending message 105 to peer 0x6000036240d0 (60 bytes)
1770423821.492646 sending message 105 to peer 0x6000036240d0 (18 bytes)
1770423821.492648 sending message 105 to peer 0x6000036240d0 (37 bytes)
1770423821.492650 sending message 105 to peer 0x6000036240d0 (21 bytes)
1770423821.492652 sending message 105 to peer 0x6000036240d0 (32 bytes)
1770423821.492654 sending message 105 to peer 0x6000036240d0 (96 bytes)
1770423821.492657 sending message 105 to peer 0x6000036240d0 (145 bytes)
1770423821.492659 sending message 105 to peer 0x6000036240d0 (57 bytes)
1770423821.492661 sending message 105 to peer 0x6000036240d0 (76 bytes)
1770423821.492663 sending message 105 to peer 0x6000036240d0 (76 bytes)
1770423821.492665 sending message 105 to peer 0x6000036240d0 (64 bytes)
1770423821.492667 sending message 105 to peer 0x6000036240d0 (67 bytes)
1770423821.492670 sending message 105 to peer 0x6000036240d0 (1478 bytes)
1770423821.492672 sending message 105 to peer 0x6000036240d0 (53 bytes)
1770423821.492674 sending message 105 to peer 0x6000036240d0 (61 bytes)
1770423821.492677 sending message 105 to peer 0x6000036240d0 (38 bytes)
1770423821.492679 sending message 105 to peer 0x6000036240d0 (16 bytes)
1770423821.492684 sending message 105 to peer 0x6000036240d0 (15 bytes)
1770423821.492686 sending message 105 to peer 0x6000036240d0 (9 bytes)
1770423821.492688 sending message 105 to peer 0x6000036240d0 (77 bytes)
1770423821.492691 sending message 105 to peer 0x6000036240d0 (25 bytes)
1770423821.492693 sending message 105 to peer 0x6000036240d0 (66 bytes)
1770423821.492695 sending message 105 to peer 0x6000036240d0 (21 bytes)
1770423821.492697 sending message 105 to peer 0x6000036240d0 (67 bytes)
1770423821.492699 sending message 105 to peer 0x6000036240d0 (18 bytes)
1770423821.492702 sending message 105 to peer 0x6000036240d0 (26 bytes)
1770423821.492704 sending message 105 to peer 0x6000036240d0 (57 bytes)
1770423821.492706 sending message 105 to peer 0x6000036240d0 (43 bytes)
1770423821.492708 sending message 105 to peer 0x6000036240d0 (13 bytes)
1770423821.492710 sending message 105 to peer 0x6000036240d0 (67 bytes)
1770423821.492712 sending message 105 to peer 0x6000036240d0 (18 bytes)
1770423821.492715 sending message 105 to peer 0x6000036240d0 (12 bytes)
1770423821.492717 sending message 105 to peer 0x6000036240d0 (14 bytes)
1770423821.492719 sending message 105 to peer 0x6000036240d0 (117 bytes)
1770423821.492721 sending message 105 to peer 0x6000036240d0 (14 bytes)
1770423821.492723 sending message 105 to peer 0x6000036240d0 (19 bytes)
1770423821.492726 sending message 105 to peer 0x6000036240d0 (35 bytes)
1770423821.492728 sending message 105 to peer 0x6000036240d0 (39 bytes)
1770423821.492730 sending message 105 to peer 0x6000036240d0 (28 bytes)
1770423821.492732 sending message 105 to peer 0x6000036240d0 (17 bytes)
1770423821.492734 sending message 105 to peer 0x6000036240d0 (19 bytes)
1770423821.492736 sending message 105 to peer 0x6000036240d0 (25 bytes)
1770423821.492738 sending message 106 to peer 0x6000036240d0 (0 bytes)
1770423821.492773 sending message 200 to peer 0x6000036240d0 (4 bytes)
1770423821.492776 client loop enter
1770423821.492917 peer 0x6000036240d0 message 303
1770423821.492920 open write file 2 -
1770423821.492926 sending message 305 to peer 0x6000036240d0 (8 bytes)
1770423821.492933 write check file 2
1770423821.492948 peer 0x6000036240d0 message 304
1770423821.492951 write 58 to file 2
1770423821.492953 peer 0x6000036240d0 message 203
1770423821.492956 file 2 58 bytes left
1770423821.492963 write check file 2
1770423821.492965 client loop exit
